<?xml version="1.0" encoding="UTF-8"?>
<!-- Generated by org.testng.reporters.JUnitReportReporter -->
<testsuite hostname="MBP-2014" name="com.sqa.mz.util.helpers.BasicAutomationTest" tests="4" failures="0" timestamp="29 Apr 2016 02:23:25 GMT" time="4.884" errors="0">
  <testcase name="setUpLogin" time="4.874" classname="com.sqa.mz.util.helpers.BasicAutomationTest"/>
  <testcase name="test" time="0.005" classname="com.sqa.mz.util.helpers.BasicAutomationTest"/>
  <testcase name="test" time="0.002" classname="com.sqa.mz.util.helpers.BasicAutomationTest"/>
  <testcase name="testLogin" time="0.003" classname="com.sqa.mz.util.helpers.BasicAutomationTest"/>
</testsuite> <!-- com.sqa.mz.util.helpers.BasicAutomationTest -->
