<?xml version="1.0" encoding="UTF-8"?>
<!-- Generated by org.testng.reporters.JUnitReportReporter -->
<testsuite hostname="MacBook-Pro-2014.local" name="com.sqa.mz.util.helpers.MyMathTest" tests="6" failures="0" timestamp="15 Apr 2016 04:05:27 GMT" time="0.027" errors="0">
  <testcase name="testPowerNumbers" time="0.013" classname="com.sqa.mz.util.helpers.MyMathTest"/>
  <testcase name="testPowerNumbers" time="0.003" classname="com.sqa.mz.util.helpers.MyMathTest"/>
  <testcase name="testPowerNumbers" time="0.002" classname="com.sqa.mz.util.helpers.MyMathTest"/>
  <testcase name="testPowerNumbers" time="0.002" classname="com.sqa.mz.util.helpers.MyMathTest"/>
  <testcase name="testPowerNumbers" time="0.003" classname="com.sqa.mz.util.helpers.MyMathTest"/>
  <testcase name="testPowerNumbers" time="0.004" classname="com.sqa.mz.util.helpers.MyMathTest"/>
</testsuite> <!-- com.sqa.mz.util.helpers.MyMathTest -->
