<?xml version="1.0" encoding="UTF-8"?>
<!-- Generated by org.testng.reporters.JUnitReportReporter -->
<testsuite hostname="MacBook-Pro-2014.local" name="com.sqa.mz.gmail.LocatorTest" tests="2" failures="0" timestamp="22 Apr 2016 22:39:01 GMT" time="23.300" errors="0">
  <testcase name="test2" time="15.600" classname="com.sqa.mz.gmail.LocatorTest"/>
  <testcase name="test1" time="7.700" classname="com.sqa.mz.gmail.LocatorTest"/>
</testsuite> <!-- com.sqa.mz.gmail.LocatorTest -->
