<?xml version="1.0" encoding="UTF-8"?>
<!-- Generated by org.testng.reporters.JUnitReportReporter -->
<testsuite hostname="MacBook-Pro-2014.local" name="com.sqa.mz.gmail.BrowserTest" tests="1" failures="0" timestamp="21 Apr 2016 19:33:48 GMT" time="8.741" errors="0">
  <testcase name="safariTest" time="8.741" classname="com.sqa.mz.gmail.BrowserTest"/>
</testsuite> <!-- com.sqa.mz.gmail.BrowserTest -->
