<?xml version="1.0" encoding="UTF-8"?>
<!-- Generated by org.testng.reporters.JUnitReportReporter -->
<testsuite hostname="MacBook-Pro-2014.local" name="com.sqa.mz.util.helpers.MultiplicationTest" tests="2" failures="0" timestamp="15 Apr 2016 03:59:22 GMT" time="0.015" errors="0">
  <testcase name="testMultiplication" time="0.012" classname="com.sqa.mz.util.helpers.MultiplicationTest"/>
  <testcase name="testMultiplication" time="0.003" classname="com.sqa.mz.util.helpers.MultiplicationTest"/>
</testsuite> <!-- com.sqa.mz.util.helpers.MultiplicationTest -->
