<?xml version="1.0" encoding="UTF-8"?>
<!-- Generated by org.testng.reporters.JUnitReportReporter -->
<testsuite hostname="MacBook-Pro-2014.local" name="com.sqa.mz.gmail.ImbdTest$BrowserTest" tests="1" failures="0" timestamp="23 Apr 2016 01:18:04 GMT" time="11.057" errors="0">
  <testcase name="imbdTest" time="11.057" classname="com.sqa.mz.gmail.ImbdTest$BrowserTest"/>
</testsuite> <!-- com.sqa.mz.gmail.ImbdTest$BrowserTest -->
